<?xml version="1.0" encoding="utf-8"?><testsuites name="pytest tests"><testsuite name="pytest" errors="0" failures="0" skipped="0" tests="3" time="1.508" timestamp="2026-04-02T16:50:51.084550+00:00" hostname="agent-env-7cd7abd4-c6b1-44c4-aa02-8051c0932191"><testcase classname="tests.test_next_number_feature.TestNextInvoiceNumberLogic" name="test_next_number_with_existing_invoices" time="0.538" /><testcase classname="tests.test_next_number_feature.TestNextInvoiceNumberLogic" name="test_next_number_after_creating_high_number_invoice" time="0.484" /><testcase classname="tests.test_next_number_feature.TestNextInvoiceNumberLogic" name="test_next_number_with_non_numeric_invoice_numbers" time="0.423" /></testsuite></testsuites>