<?xml version="1.0" encoding="utf-8"?><testsuites name="pytest tests"><testsuite name="pytest" errors="0" failures="0" skipped="0" tests="14" time="4.506" timestamp="2026-03-30T08:23:52.589087+00:00" hostname="agent-env-7cd7abd4-c6b1-44c4-aa02-8051c0932191"><testcase classname="tests.test_invoice_api.TestHealthCheck" name="test_api_root" time="0.282" /><testcase classname="tests.test_invoice_api.TestInvoiceNextNumber" name="test_get_next_invoice_number" time="0.148" /><testcase classname="tests.test_invoice_api.TestInvoiceCRUD" name="test_list_invoices" time="0.133" /><testcase classname="tests.test_invoice_api.TestInvoiceCRUD" name="test_create_invoice_and_verify" time="0.215" /><testcase classname="tests.test_invoice_api.TestInvoiceCRUD" name="test_get_single_invoice" time="0.130" /><testcase classname="tests.test_invoice_api.TestInvoiceCRUD" name="test_get_nonexistent_invoice" time="0.118" /><testcase classname="tests.test_invoice_api.TestInvoiceCRUD" name="test_update_invoice_and_verify" time="0.275" /><testcase classname="tests.test_invoice_api.TestPDFGeneration" name="test_generate_pdf_for_invoice" time="0.961" /><testcase classname="tests.test_invoice_api.TestPDFGeneration" name="test_generate_pdf_nonexistent_invoice" time="0.550" /><testcase classname="tests.test_invoice_api.TestEmailInvoice" name="test_email_invoice_structure" time="0.780" /><testcase classname="tests.test_invoice_api.TestEmailInvoice" name="test_email_invoice_missing_recipient" time="0.104" /><testcase classname="tests.test_invoice_api.TestInvoiceDelete" name="test_delete_invoice_and_verify" time="0.226" /><testcase classname="tests.test_invoice_api.TestInvoiceDelete" name="test_delete_nonexistent_invoice" time="0.308" /><testcase classname="tests.test_invoice_api.TestTotalsCalculation" name="test_totals_with_mixed_gst" time="0.208" /></testsuite></testsuites>